<?xml version="1.0" encoding="UTF-8"?>
<!-- Generated by org.testng.reporters.JUnitReportReporter -->
<testsuite skipped="0" hostname="DESKTOP-A2I5IAP" name="com.inetbanking.testCases.TC_LoginTest_001" tests="1" failures="0" timestamp="01 Feb 2024 14:28:54 GMT" time="6.653" errors="0">
  <testcase name="loginTest" time="6.653" classname="com.inetbanking.testCases.TC_LoginTest_001"/>
</testsuite> <!-- com.inetbanking.testCases.TC_LoginTest_001 -->
