<?xml version="1.0" encoding="UTF-8"?>
<!-- Generated by org.testng.reporters.JUnitReportReporter -->
<testsuite skipped="0" hostname="DESKTOP-A2I5IAP" name="com.inetbanking.testCases.TC_LoginTest_001" tests="1" failures="0" timestamp="02 Feb 2024 15:03:42 GMT" time="8.403" errors="0">
  <testcase name="loginTest" time="8.403" classname="com.inetbanking.testCases.TC_LoginTest_001"/>
</testsuite> <!-- com.inetbanking.testCases.TC_LoginTest_001 -->
